<?xml version="1.0" encoding="UTF-8"?>
<!-- Generated by org.testng.reporters.JUnitReportReporter -->
<testsuite hostname="LAPTOP-4RQVJNP4" failures="0" tests="2" name="Academy.EndtoEndproject.Homepage" time="0.418" errors="0" timestamp="2022-05-24T14:55:27 PDT" skipped="0">
  <testcase classname="Academy.EndtoEndproject.Homepage" name="basepagenavigate" time="0.181"/>
  <system-out/>
  <testcase classname="Academy.EndtoEndproject.Homepage" name="basepagenavigate" time="0.237"/>
  <system-out/>
</testsuite> <!-- Academy.EndtoEndproject.Homepage -->
