<?xml version="1.0" encoding="UTF-8"?>
<!-- Generated by org.testng.reporters.JUnitReportReporter -->
<testsuite hostname="LAPTOP-4RQVJNP4" failures="0" tests="1" name="Academy.EndtoEndproject.ValidateNavigation" time="0.091" errors="0" timestamp="2022-05-24T14:55:27 PDT" skipped="0">
  <testcase classname="Academy.EndtoEndproject.ValidateNavigation" name="asserttxt" time="0.091"/>
  <system-out/>
</testsuite> <!-- Academy.EndtoEndproject.ValidateNavigation -->
