<?xml version="1.0" encoding="UTF-8"?>
<!-- Generated by org.testng.reporters.JUnitReportReporter -->
<testsuite hostname="LAPTOP-4RQVJNP4" failures="0" tests="2" name="Academy.ValidateTitle" time="0.055" errors="0" timestamp="2022-06-29T15:04:52 PDT" skipped="0">
  <testcase classname="Academy.ValidateTitle" name="asserttxt" time="0.033"/>
  <system-out/>
  <testcase classname="Academy.ValidateTitle" name="validateHeader" time="0.022"/>
  <system-out/>
</testsuite> <!-- Academy.ValidateTitle -->
