<?xml version="1.0" encoding="UTF-8"?>
<!-- Generated by org.testng.reporters.JUnitReportReporter -->
<testsuite hostname="LAPTOP-4RQVJNP4" failures="0" tests="2" name="Academy.Homepage" time="12.604" errors="0" timestamp="2022-06-28T18:41:43 PDT" skipped="0">
  <testcase classname="Academy.Homepage" name="basepagenavigate" time="6.304"/>
  <system-out/>
  <testcase classname="Academy.Homepage" name="basepagenavigate" time="6.300"/>
  <system-out/>
</testsuite> <!-- Academy.Homepage -->
