<?xml version="1.0" encoding="UTF-8"?>
<!-- Generated by org.testng.reporters.JUnitReportReporter -->
<testsuite hostname="LAPTOP-4RQVJNP4" failures="0" tests="2" name="Academy.ValidateTitle" time="0.069" errors="0" timestamp="16 Jul 2022 21:23:35 GMT" skipped="0">
  <testcase classname="Academy.ValidateTitle" name="asserttxt" time="0.039"/>
  <testcase classname="Academy.ValidateTitle" name="validateHeader" time="0.030"/>
</testsuite> <!-- Academy.ValidateTitle -->
