<?xml version="1.0" encoding="UTF-8"?>
<!-- Generated by org.testng.reporters.JUnitReportReporter -->
<testsuite hostname="LAPTOP-4RQVJNP4" failures="0" tests="2" name="Academy.EndtoEndproject.Homepage" time="0.393" errors="0" timestamp="23 May 2022 22:22:51 GMT" skipped="0">
  <testcase classname="Academy.EndtoEndproject.Homepage" name="basepagenavigate" time="0.180"/>
  <testcase classname="Academy.EndtoEndproject.Homepage" name="basepagenavigate" time="0.213"/>
</testsuite> <!-- Academy.EndtoEndproject.Homepage -->
