<?xml version="1.0" encoding="UTF-8"?>
<!-- Generated by org.testng.reporters.JUnitReportReporter -->
<testsuite hostname="LAPTOP-4RQVJNP4" failures="0" tests="2" name="Academy.Homepage" time="12.412" errors="0" timestamp="16 Jul 2022 21:23:35 GMT" skipped="0">
  <testcase classname="Academy.Homepage" name="basepagenavigate" time="6.227"/>
  <testcase classname="Academy.Homepage" name="basepagenavigate" time="6.185"/>
</testsuite> <!-- Academy.Homepage -->
