<?xml version="1.0" encoding="UTF-8"?>
<!-- Generated by org.testng.reporters.JUnitReportReporter -->
<testsuite hostname="LAPTOP-4RQVJNP4" failures="0" tests="1" name="Academy.ValidateNavigation" time="0.039" errors="0" timestamp="16 Jul 2022 21:23:35 GMT" skipped="0">
  <testcase classname="Academy.ValidateNavigation" name="asserttxt" time="0.039"/>
</testsuite> <!-- Academy.ValidateNavigation -->
