<?xml version="1.0" encoding="UTF-8"?>
<!-- Generated by org.testng.reporters.JUnitReportReporter -->
<testsuite hostname="LAPTOP-4RQVJNP4" failures="0" tests="1" name="Academy.EndtoEndproject.ValidateTitle" time="0.044" errors="0" timestamp="23 May 2022 22:22:51 GMT" skipped="0">
  <testcase classname="Academy.EndtoEndproject.ValidateTitle" name="asserttxt" time="0.044"/>
</testsuite> <!-- Academy.EndtoEndproject.ValidateTitle -->
