<?xml version="1.0" encoding="UTF-8"?>
<!-- Generated by org.testng.reporters.JUnitReportReporter -->
<testsuite hostname="LAPTOP-4RQVJNP4" failures="0" tests="1" name="Academy.EndtoEndproject.AppTest" time="0.009" errors="0" timestamp="20 May 2022 18:35:23 GMT" skipped="0">
  <testcase classname="Academy.EndtoEndproject.AppTest" name="shouldAnswerWithTrue" time="0.009"/>
</testsuite> <!-- Academy.EndtoEndproject.AppTest -->
